<?xml version="1.0" encoding="UTF-8"?>
<!-- Generated by org.testng.reporters.JUnitReportReporter -->
<testsuite hostname="SVijay" failures="0" tests="1" name="testCases.TC001_AccountRegistrationTest" time="2.456" errors="0" timestamp="2024-09-12T13:37:35 IST" skipped="0">
  <testcase classname="testCases.TC001_AccountRegistrationTest" name="verify_account_Registration" time="2.456"/>
  <system-out/>
</testsuite> <!-- testCases.TC001_AccountRegistrationTest -->
